<?xml version="1.0" encoding="UTF-8"?>
<testsuites>
  <testsuite name="spotify_com_login_page" timestamp="2019-02-22T20:28:52" time="8.409" tests="1" failures="0" errors="0" skipped="0">
    <properties>
      <property name="specId" value="0"/>
      <property name="suiteName" value="spotify.com login page"/>
      <property name="capabilities" value="chrome"/>
      <property name="file" value="./test/specs/spotify-search.spec.js"/>
    </properties>
    <testcase classname="chrome.spotify_com_login_page" name="should_allow_user_to_login" time="8.407"/>
  </testsuite>
</testsuites>